<?xml version="1.0" encoding="UTF-8"?>
<!-- Generated by org.testng.reporters.JUnitXMLReporter -->
<testsuite ignored="0" hostname="MurshiNisar" failures="0" tests="6" name="Default test" time="0.051" errors="0" timestamp="2023-05-28T21:18:13 IST">
  <testcase classname="testngpackage.Testnggrouping" name="test1" time="0.006"/>
  <testcase classname="testngpackage.Testnggrouping" name="test2" time="0.002"/>
  <testcase classname="testngpackage.Testnggrouping" name="test3" time="0.0"/>
  <testcase classname="testngpackage.Testnggrouping" name="test4" time="0.001"/>
  <testcase classname="testngpackage.Testnggrouping" name="test5" time="0.001"/>
  <testcase classname="testngpackage.Testnggrouping" name="test6" time="0.001"/>
</testsuite> <!-- Default test -->
