<?xml version="1.0" encoding="UTF-8"?>
<testng-results ignored="0" total="1" passed="1" failed="0" skipped="0">
  <reporter-output>
  </reporter-output>
  <suite started-at="2023-05-28T21:24:50 IST" name="Suite" finished-at="2023-05-28T21:24:50 IST" duration-ms="37">
    <groups>
    </groups>
    <test started-at="2023-05-28T21:24:50 IST" name="Test" finished-at="2023-05-28T21:24:50 IST" duration-ms="37">
      <class name="testngpackage.Testngparameter">
        <test-method signature="value(java.lang.String)[pri:0, instance:testngpackage.Testngparameter@485966cc]" started-at="2023-05-28T21:24:50 IST" name="value" finished-at="2023-05-28T21:24:50 IST" duration-ms="7" status="PASS">
          <params>
            <param index="0">
              <value>
                <![CDATA[selenium]]>
              </value>
            </param>
          </params>
          <reporter-output>
          </reporter-output>
        </test-method> <!-- value -->
      </class> <!-- testngpackage.Testngparameter -->
    </test> <!-- Test -->
  </suite> <!-- Suite -->
</testng-results>
